<?xml version="1.0" encoding="UTF-8"?>
<!-- Generated by org.testng.reporters.JUnitReportReporter -->
<testsuite hostname="LAPTOP-4CCF5FDA" failures="0" tests="6" name="Practice.DataProviderPractices" time="0.029" errors="0" timestamp="2023-08-23T17:01:30 IST" skipped="0">
  <testcase classname="Practice.DataProviderPractices" name="addProductToCart" time="0.010"/>
  <system-out/>
  <testcase classname="Practice.DataProviderPractices" name="addProductToCart" time="0.008"/>
  <system-out/>
  <testcase classname="Practice.DataProviderPractices" name="addProductToCart" time="0.001"/>
  <system-out/>
  <testcase classname="Practice.DataProviderPractices" name="addProductTo" time="0.000"/>
  <system-out/>
  <testcase classname="Practice.DataProviderPractices" name="addProductTo" time="0.009"/>
  <system-out/>
  <testcase classname="Practice.DataProviderPractices" name="addProductToCart" time="0.001"/>
  <system-out/>
</testsuite> <!-- Practice.DataProviderPractices -->
