<?xml version="1.0" encoding="UTF-8"?>
<!-- Generated by org.testng.reporters.JUnitReportReporter -->
<testsuite hostname="LAPTOP-4CCF5FDA" failures="0" tests="1" name="vtiger.contactTest.CreateContactWithOrgTest" time="30.013" errors="0" timestamp="2023-09-11T19:03:21 IST" skipped="0">
  <testcase classname="vtiger.contactTest.CreateContactWithOrgTest" name="createContactwithOrgTest" time="30.013"/>
  <system-out>
    <![CDATA[Clicked on ORG Link
Clicked on Create ORG Lookup Link
New ORG Page
 ORG Info
Contact page
Create new contact page
Contacts header]]>
  </system-out>
</testsuite> <!-- vtiger.contactTest.CreateContactWithOrgTest -->
