<?xml version="1.0" encoding="UTF-8"?>
<!-- Generated by org.testng.reporters.JUnitReportReporter -->
<testsuite hostname="LAPTOP-4CCF5FDA" failures="0" tests="1" name="Practice.ReadDataFromCmdLine" time="0.030" errors="0" timestamp="2023-09-11T14:46:10 IST" skipped="0">
  <testcase classname="Practice.ReadDataFromCmdLine" name="readData" time="0.030"/>
  <system-out/>
</testsuite> <!-- Practice.ReadDataFromCmdLine -->
