<?xml version="1.0" encoding="UTF-8"?>
<!-- Generated by org.testng.reporters.JUnitReportReporter -->
<testsuite hostname="LAPTOP-4CCF5FDA" failures="0" tests="1" name="vtiger.OrganizationTest.CreateOrgWithIndustryTest" time="20.274" errors="0" timestamp="2023-09-11T19:15:17 IST" skipped="0">
  <testcase classname="vtiger.OrganizationTest.CreateOrgWithIndustryTest" name="createOrgWithIndustryTest" time="20.274"/>
  <system-out/>
</testsuite> <!-- vtiger.OrganizationTest.CreateOrgWithIndustryTest -->
