<?xml version="1.0" encoding="UTF-8"?>
<!-- Generated by org.testng.reporters.JUnitReportReporter -->
<testsuite hostname="LAPTOP-4CCF5FDA" failures="0" tests="1" name="Practice.ListenersPractices" time="0.012" errors="0" timestamp="2023-09-01T18:34:11 IST" skipped="0">
  <testcase classname="Practice.ListenersPractices" name="demo" time="0.012"/>
  <system-out/>
</testsuite> <!-- Practice.ListenersPractices -->
