<?xml version="1.0" encoding="UTF-8"?>
<!-- Generated by org.testng.reporters.JUnitReportReporter -->
<testsuite hostname="LAPTOP-4CCF5FDA" failures="0" tests="1" name="Practice.Demo" time="17.237" errors="0" timestamp="2023-07-29T15:29:36 IST" skipped="0">
  <testcase classname="Practice.Demo" name="browser" time="17.237"/>
  <system-out/>
</testsuite> <!-- Practice.Demo -->
