<?xml version="1.0" encoding="UTF-8"?>
<!-- Generated by org.testng.reporters.JUnitReportReporter -->
<testsuite hostname="LAPTOP-4CCF5FDA" failures="0" tests="1" name="Practice.BaseClassPractices" time="0.006" errors="0" timestamp="2023-08-24T16:06:03 IST" skipped="0">
  <testcase classname="Practice.BaseClassPractices" name="t" time="0.006"/>
  <system-out/>
</testsuite> <!-- Practice.BaseClassPractices -->
